2024-12-28T00:25:48.088Z [INFO]: Config: {"accountName":"mohsinbot","password":"03203024514","sharedSecret":"zjjl6REf7q1sweZKcZrza/FUMUQ=","identitySecret":"IPvP27SnCbVpken+7RbOs8tS59Q="}
2024-12-28T00:25:48.090Z [INFO]: Attempting to log in to Steam (Attempt 1)...
2024-12-28T00:25:51.814Z [INFO]: Steam client logged in and online
2024-12-28T00:25:52.261Z [INFO]: Web session established.
2024-12-28T00:25:52.301Z [ERROR]: Steam client encountered an error: Error: LoggedInElsewhere
2024-12-28T00:26:48.097Z [WARN]: Bot is not logged in. Attempting to reconnect...
2024-12-28T00:26:48.098Z [INFO]: Attempting to log in to Steam (Attempt 1)...
2024-12-28T00:26:50.488Z [INFO]: Steam client logged in and online
2024-12-28T00:26:50.868Z [ERROR]: Steam client encountered an error: Error: LoggedInElsewhere
2024-12-28T00:26:50.869Z [INFO]: Web session established.
2024-12-28T00:27:47.661Z [INFO]: Config: Account Name is set.
2024-12-28T00:27:47.664Z [INFO]: Attempting to log in to Steam (Attempt 1)...
2024-12-28T00:27:50.274Z [INFO]: Steam client logged in and online
2024-12-28T00:27:50.716Z [ERROR]: Steam client encountered an error: Error: LoggedInElsewhere
2024-12-28T00:27:50.718Z [INFO]: Web session established.
2024-12-28T00:28:47.667Z [WARN]: Bot is not logged in. Attempting to reconnect...
2024-12-28T00:28:47.668Z [INFO]: Attempting to log in to Steam (Attempt 1)...
2024-12-28T00:28:47.669Z [INFO]: Simulating logout to test reconnection logic.
2024-12-28T00:29:47.675Z [WARN]: Bot is not logged in. Attempting to reconnect...
2024-12-28T00:29:47.675Z [INFO]: Attempting to log in to Steam (Attempt 2)...
2024-12-28T00:29:50.016Z [INFO]: Steam client logged in and online
2024-12-28T00:29:50.404Z [ERROR]: Steam client encountered an error: Error: LoggedInElsewhere
2024-12-28T00:29:50.404Z [INFO]: Web session established.
2024-12-28T00:30:47.681Z [WARN]: Bot is not logged in. Attempting to reconnect...
2024-12-28T00:30:47.682Z [INFO]: Attempting to log in to Steam (Attempt 1)...
2024-12-28T00:30:49.996Z [INFO]: Steam client logged in and online
2024-12-28T00:30:50.392Z [ERROR]: Steam client encountered an error: Error: LoggedInElsewhere
2024-12-28T00:30:50.393Z [INFO]: Web session established.
2024-12-28T00:31:47.684Z [WARN]: Bot is not logged in. Attempting to reconnect...
2024-12-28T00:31:47.685Z [INFO]: Attempting to log in to Steam (Attempt 1)...
2024-12-28T00:31:50.069Z [INFO]: Steam client logged in and online
2024-12-28T00:31:50.442Z [ERROR]: Steam client encountered an error: Error: LoggedInElsewhere
2024-12-28T00:31:50.443Z [INFO]: Web session established.
2024-12-28T00:32:01.419Z [INFO]: Config: Account Name is set.
2024-12-28T00:32:01.421Z [INFO]: Attempting to log in to Steam (Attempt 1)...
2024-12-28T00:32:04.220Z [INFO]: Steam client logged in and online
2024-12-28T00:32:04.600Z [ERROR]: Steam client encountered an error: Error: LoggedInElsewhere
2024-12-28T00:32:04.601Z [INFO]: Web session established.
2024-12-28T00:33:01.432Z [WARN]: Bot is not logged in. Attempting to reconnect...
2024-12-28T00:33:01.433Z [INFO]: Attempting to log in to Steam (Attempt 1)...
2024-12-28T00:33:03.826Z [INFO]: Steam client logged in and online
2024-12-28T00:33:04.235Z [ERROR]: Steam client encountered an error: Error: LoggedInElsewhere
2024-12-28T00:33:04.235Z [INFO]: Web session established.
2024-12-28T00:34:01.447Z [WARN]: Bot is not logged in. Attempting to reconnect...
2024-12-28T00:34:01.448Z [INFO]: Attempting to log in to Steam (Attempt 1)...
2024-12-28T00:34:03.793Z [INFO]: Steam client logged in and online
2024-12-28T00:34:04.183Z [ERROR]: Steam client encountered an error: Error: LoggedInElsewhere
2024-12-28T00:34:04.184Z [INFO]: Web session established.
2024-12-28T00:35:01.461Z [WARN]: Bot is not logged in. Attempting to reconnect...
2024-12-28T00:35:01.462Z [INFO]: Attempting to log in to Steam (Attempt 1)...
2024-12-28T00:35:03.883Z [INFO]: Steam client logged in and online
2024-12-28T00:35:04.274Z [ERROR]: Steam client encountered an error: Error: LoggedInElsewhere
2024-12-28T00:35:04.275Z [INFO]: Web session established.
2024-12-28T00:36:01.471Z [WARN]: Bot is not logged in. Attempting to reconnect...
2024-12-28T00:36:01.472Z [INFO]: Attempting to log in to Steam (Attempt 1)...
2024-12-28T00:36:03.872Z [INFO]: Steam client logged in and online
2024-12-28T00:36:04.272Z [ERROR]: Steam client encountered an error: Error: LoggedInElsewhere
2024-12-28T00:36:04.273Z [INFO]: Web session established.
2024-12-28T00:36:40.666Z [INFO]: Config: Account Name is set.
2024-12-28T00:36:40.668Z [INFO]: Attempting to log in to Steam (Attempt 1) in 5 seconds...
2024-12-28T00:36:48.235Z [INFO]: Steam client logged in and online
2024-12-28T00:36:48.672Z [ERROR]: Steam client encountered an error: Error: LoggedInElsewhere
2024-12-28T00:36:48.674Z [INFO]: Web session established.
2024-12-28T00:37:40.674Z [WARN]: Bot is not logged in. Attempting to reconnect...
2024-12-28T00:37:40.675Z [INFO]: Attempting to log in to Steam (Attempt 1) in 5 seconds...
2024-12-28T00:37:48.073Z [INFO]: Steam client logged in and online
2024-12-28T00:37:48.464Z [ERROR]: Steam client encountered an error: Error: LoggedInElsewhere
2024-12-28T00:37:48.465Z [INFO]: Web session established.
2024-12-28T00:38:40.680Z [WARN]: Bot is not logged in. Attempting to reconnect...
2024-12-28T00:38:40.680Z [INFO]: Attempting to log in to Steam (Attempt 1) in 5 seconds...
2024-12-28T00:38:47.354Z [ERROR]: Steam client encountered an error: Error: RateLimitExceeded
2024-12-28T00:39:22.435Z [INFO]: Received SIGINT. Shutting down gracefully...
2024-12-28T00:46:03.153Z [INFO]: Config: Account Name is set.
2024-12-28T00:46:03.155Z [INFO]: Attempting to log in to Steam (Attempt 1)...
2024-12-28T00:46:04.614Z [ERROR]: Steam client encountered an error: Error: RateLimitExceeded
2024-12-28T00:47:03.168Z [WARN]: Bot is not logged in. Attempting to reconnect...
2024-12-28T00:47:03.168Z [INFO]: Attempting to log in to Steam (Attempt 2)...
2024-12-28T00:47:04.434Z [ERROR]: Steam client encountered an error: Error: RateLimitExceeded
2024-12-28T00:48:03.177Z [WARN]: Bot is not logged in. Attempting to reconnect...
2024-12-28T00:48:03.177Z [INFO]: Attempting to log in to Steam (Attempt 3)...
2024-12-28T00:48:04.519Z [ERROR]: Steam client encountered an error: Error: RateLimitExceeded
2024-12-28T00:48:39.701Z [INFO]: Received SIGINT. Shutting down gracefully...
2024-12-28T01:00:33.131Z [INFO]: Config: Account Name is set.
2024-12-28T01:00:33.133Z [INFO]: Attempting to log in to Steam (Attempt 1)...
2024-12-28T01:00:34.668Z [ERROR]: Steam client encountered an error: Error: RateLimitExceeded
2024-12-28T01:00:36.166Z [INFO]: Received SIGINT. Shutting down gracefully...
